build/outputs/mapping/debug/seeds.txt
com.wei.grabmoney.R$anim: int anim_dialog_enter
com.wei.grabmoney.R$anim: int anim_dialog_exit
com.wei.grabmoney.R$anim: int anim_splash_enter
com.wei.grabmoney.R$color: int bg_seprate
com.wei.grabmoney.R$color: int black
com.wei.grabmoney.R$color: int dark_gray
com.wei.grabmoney.R$color: int gray_bg_light
com.wei.grabmoney.R$color: int gray_text
com.wei.grabmoney.R$color: int grey_to_red_selector
com.wei.grabmoney.R$color: int sad_light_gray
com.wei.grabmoney.R$color: int white
com.wei.grabmoney.R$color: int wine_red
com.wei.grabmoney.R$dimen: int BigTextSize
com.wei.grabmoney.R$dimen: int BiggerTextSize
com.wei.grabmoney.R$dimen: int LargePadding
com.wei.grabmoney.R$dimen: int NormalPadding
com.wei.grabmoney.R$dimen: int NormalTextSize
com.wei.grabmoney.R$dimen: int SmallPadding
com.wei.grabmoney.R$dimen: int activity_horizontal_margin
com.wei.grabmoney.R$dimen: int activity_vertical_margin
com.wei.grabmoney.R$dimen: int corner
com.wei.grabmoney.R$dimen: int title_height
com.wei.grabmoney.R$drawable: int back_btn_normal
com.wei.grabmoney.R$drawable: int background
com.wei.grabmoney.R$drawable: int bg_divider
com.wei.grabmoney.R$drawable: int btn_background
com.wei.grabmoney.R$drawable: int btn_close
com.wei.grabmoney.R$drawable: int btn_normal
com.wei.grabmoney.R$drawable: int btn_pressed
com.wei.grabmoney.R$drawable: int btn_reward_selector
com.wei.grabmoney.R$drawable: int btn_selector
com.wei.grabmoney.R$drawable: int btn_set_nor
com.wei.grabmoney.R$drawable: int btn_set_pre
com.wei.grabmoney.R$drawable: int btn_setting_selector
com.wei.grabmoney.R$drawable: int btn_start_selector
com.wei.grabmoney.R$drawable: int buttonbg
com.wei.grabmoney.R$drawable: int editable_bg_selector
com.wei.grabmoney.R$drawable: int ic_big_app
com.wei.grabmoney.R$drawable: int ic_launcher
com.wei.grabmoney.R$drawable: int ic_more
com.wei.grabmoney.R$drawable: int ic_open
com.wei.grabmoney.R$drawable: int ic_protected
com.wei.grabmoney.R$drawable: int ic_qr_pay
com.wei.grabmoney.R$drawable: int item_bg
com.wei.grabmoney.R$drawable: int text_tab_bg_selected
com.wei.grabmoney.R$drawable: int time_bg
com.wei.grabmoney.R$drawable: int title_bar_back_bg_selector
com.wei.grabmoney.R$id: int action_settings
com.wei.grabmoney.R$id: int address
com.wei.grabmoney.R$id: int app_name
com.wei.grabmoney.R$id: int back_btn
com.wei.grabmoney.R$id: int btn_reward
com.wei.grabmoney.R$id: int btn_start
com.wei.grabmoney.R$id: int chk_fastest
com.wei.grabmoney.R$id: int chk_manual
com.wei.grabmoney.R$id: int container
com.wei.grabmoney.R$id: int content
com.wei.grabmoney.R$id: int delay_seekBar
com.wei.grabmoney.R$id: int ll_head
com.wei.grabmoney.R$id: int ll_service
com.wei.grabmoney.R$id: int ll_wx
com.wei.grabmoney.R$id: int logo
com.wei.grabmoney.R$id: int phone
com.wei.grabmoney.R$id: int rdoBtn_nothing
com.wei.grabmoney.R$id: int rdoBtn_vibrate
com.wei.grabmoney.R$id: int rdoBtn_voice
com.wei.grabmoney.R$id: int rl_splash
com.wei.grabmoney.R$id: int title
com.wei.grabmoney.R$id: int title_back
com.wei.grabmoney.R$id: int title_container
com.wei.grabmoney.R$id: int title_custom
com.wei.grabmoney.R$id: int txt_currentState
com.wei.grabmoney.R$id: int txt_delayTime
com.wei.grabmoney.R$id: int txt_integralwall
com.wei.grabmoney.R$id: int txt_time
com.wei.grabmoney.R$id: int version
com.wei.grabmoney.R$id: int view_divider
com.wei.grabmoney.R$id: int voice_vibrate
com.wei.grabmoney.R$layout: int activity_about
com.wei.grabmoney.R$layout: int activity_be_care
com.wei.grabmoney.R$layout: int activity_instructions
com.wei.grabmoney.R$layout: int activity_main
com.wei.grabmoney.R$layout: int activity_reward
com.wei.grabmoney.R$layout: int activity_setting
com.wei.grabmoney.R$layout: int activity_splash
com.wei.grabmoney.R$layout: int title_bar
com.wei.grabmoney.R$menu: int main
com.wei.grabmoney.R$raw: int hongbao_arrived
...
net.youmi.android.i.g
net.youmi.android.i.g: net.youmi.android.i.h a
net.youmi.android.i.g: java.util.List[] b
net.youmi.android.i.g: net.youmi.android.i.i c
net.youmi.android.i.g: byte[] d
net.youmi.android.i.g: java.text.DecimalFormat e
net.youmi.android.i.g: net.youmi.android.i.e f
net.youmi.android.i.g: java.util.ArrayList g
net.youmi.android.i.g: g(java.lang.String)
net.youmi.android.i.g: g(byte[])
net.youmi.android.i.g: g(net.youmi.android.i.e)
net.youmi.android.i.g: byte[] a(net.youmi.android.i.e,int)
net.youmi.android.i.g: net.youmi.android.i.j a(net.youmi.android.i.j,net.youmi.android.i.j)
net.youmi.android.i.g: void a(net.youmi.android.i.i,int)
net.youmi.android.i.g: byte[] a(int)
net.youmi.android.i.g: java.lang.String a(byte[],boolean)
net.youmi.android.i.g: java.util.ArrayList a()
net.youmi.android.i.g: void <clinit>()
net.youmi.android.i.h
net.youmi.android.i.h: int b
net.youmi.android.i.h: int c
net.youmi.android.i.h: int[] d
net.youmi.android.i.h: java.util.Random e
net.youmi.android.i.h: net.youmi.android.i.g a
net.youmi.android.i.h: h(net.youmi.android.i.g)
net.youmi.android.i.h: h(net.youmi.android.i.g,int)
net.youmi.android.i.h: h(net.youmi.android.i.g,net.youmi.android.i.e)
net.youmi.android.i.h: void a(net.youmi.android.i.f)
net.youmi.android.i.h: int a()
net.youmi.android.i.h: int a(int)
net.youmi.android.i.h: java.lang.Object clone()
net.youmi.android.i.h: void b(int)
net.youmi.android.i.i
net.youmi.android.i.i: net.youmi.android.i.j a
net.youmi.android.i.i: net.youmi.android.i.g b
net.youmi.android.i.i: i(net.youmi.android.i.g)
net.youmi.android.i.i: void a(net.youmi.android.i.f,int,int,net.youmi.android.i.b)
net.youmi.android.i.j
net.youmi.android.i.j: byte[] c
net.youmi.android.i.j: long d
net.youmi.android.i.j: net.youmi.android.i.j a
net.youmi.android.i.j: net.youmi.android.i.j b
net.youmi.android.i.j: byte[] e
net.youmi.android.i.j: byte[] f
net.youmi.android.i.j: java.text.DecimalFormat g
net.youmi.android.i.j: j()
net.youmi.android.i.j: void a(byte[],int,int)
net.youmi.android.i.j: j(net.youmi.android.i.e)
net.youmi.android.i.j: net.youmi.android.i.j a(java.lang.String)
net.youmi.android.i.j: net.youmi.android.i.j a(java.lang.String,net.youmi.android.i.j)
net.youmi.android.i.j: j(net.youmi.android.i.j,int)
net.youmi.android.i.j: j(java.lang.String,net.youmi.android.i.j)
net.youmi.android.i.j: void b(net.youmi.android.i.j,net.youmi.android.i.j)
net.youmi.android.i.j: int a(int)
net.youmi.android.i.j: int c()
net.youmi.android.i.j: void b(int)
net.youmi.android.i.j: void a(int,int)
net.youmi.android.i.j: int a()
net.youmi.android.i.j: void a(java.lang.String,byte[],int,int)
net.youmi.android.i.j: void b(byte[],int,int)
net.youmi.android.i.j: boolean b()
net.youmi.android.i.j: net.youmi.android.i.j a(net.youmi.android.i.j,net.youmi.android.i.j)
net.youmi.android.i.j: void a(net.youmi.android.i.f,net.youmi.android.i.b)
net.youmi.android.i.j: java.lang.String toString()
net.youmi.android.i.j: java.lang.String a(boolean)
net.youmi.android.i.j: java.lang.String a(byte[],int)
net.youmi.android.i.j: void <clinit>()
net.youmi.android.i.k
net.youmi.android.i.k: java.lang.String[] a
net.youmi.android.i.k: net.youmi.android.i.j[] b
net.youmi.android.i.k: int c
net.youmi.android.i.k: net.youmi.android.i.k d
net.youmi.android.i.k: k()
net.youmi.android.i.k: void a(java.lang.String,java.util.List)
net.youmi.android.i.k: void b(java.lang.String,java.util.List)
net.youmi.android.i.k: void a(java.util.List,java.util.List)
net.youmi.android.i.k: boolean d()
net.youmi.android.i.k: boolean e()
net.youmi.android.i.k: void f()
net.youmi.android.i.k: java.lang.String a()
net.youmi.android.i.k: net.youmi.android.i.k b()
net.youmi.android.i.k: void c()
net.youmi.android.i.k: void <clinit>()