build/outputs/mapping/debug/mapping.txt
com.wei.grabmoney.bean.LuckMoneyInfo -> com.wei.grabmoney.bean.LuckMoneyInfo:
    java.lang.String TAG -> TAG
    java.lang.String TARGET_SYMBOL -> TARGET_SYMBOL
    java.lang.String mSender -> mSender
    java.lang.String mContent -> mContent
    java.lang.String mTime -> mTime
    boolean others -> others
    android.view.accessibility.AccessibilityNodeInfo mNodeInfo -> mNodeInfo
    void <init>() -> <init>
    boolean isNodeCanOpen(android.view.accessibility.AccessibilityNodeInfo,java.lang.String) -> isNodeCanOpen
    java.lang.String getSenderAndTime(android.view.accessibility.AccessibilityNodeInfo) -> getSenderAndTime
    void cleanInfos() -> cleanInfos
com.wei.grabmoney.bean.PermissionModel -> com.wei.grabmoney.bean.PermissionModel:
    java.lang.String permission -> permission
    java.lang.String explain -> explain
    int requestCode -> requestCode
    void <init>(java.lang.String,java.lang.String,int) -> <init>
com.wei.grabmoney.service.GrabMoneyService -> com.wei.grabmoney.service.GrabMoneyService:
    java.lang.String QQ_PKG -> a
    java.lang.String className -> b
    android.app.KeyguardManager keyguardManager -> c
    android.app.KeyguardManager$KeyguardLock keyguardLock -> d
    android.os.PowerManager powerManager -> e
    android.os.PowerManager$WakeLock wakeLock -> f
    android.os.Vibrator vibrator -> g
    com.wei.grabmoney.bean.LuckMoneyInfo luckMoneyInfo -> h
    boolean isAllClosed -> i
    boolean hasOpenBtn -> j
    boolean isFromHome -> k
    com.wei.grabmoney.utils.SharedPreUtils mSharedPreUtils -> l
    java.lang.String[] CLASSARRAYS -> m
    java.util.List CLASSLISTS -> n
    android.os.Handler mHandler -> o
    android.media.SoundPool mSoundPool -> p
    java.util.HashMap soundMap -> q
    void <init>() -> <init>
    void onAccessibilityEvent(android.view.accessibility.AccessibilityEvent) -> onAccessibilityEvent
    void dealNotificationEven(android.view.accessibility.AccessibilityEvent) -> a
    void closeUI(java.lang.String) -> a
    android.view.accessibility.AccessibilityNodeInfo getOpenButtons() -> a
    void printNodeInfoDetails(android.view.accessibility.AccessibilityNodeInfo,int) -> a
    void getMoney() -> b
    void getQQMoney() -> c
    void clickWallet(android.view.accessibility.AccessibilityNodeInfo) -> a
    boolean isCanGet(android.view.accessibility.AccessibilityNodeInfo) -> b
com.wei.grabmoney.service.GrabMoneyService$1 -> com.wei.grabmoney.service.GrabMoneyService$1:
    com.wei.grabmoney.service.GrabMoneyService this$0 -> a
    void <init>(com.wei.grabmoney.service.GrabMoneyService) -> <init>
    void run() -> run
com.wei.grabmoney.ui.AboutActivity -> com.wei.grabmoney.ui.AboutActivity:
    void <init>() -> <init>
    void onCreate(android.os.Bundle) -> onCreate
    void initView() -> b
...
cn.waps.j -> cn.waps.ck:
    android.content.Context a -> a
    cn.waps.AppConnect b -> b
    void <init>(cn.waps.AppConnect,android.content.Context) -> <init>
    void run() -> run
cn.waps.k -> cn.waps.cl:
    cn.waps.AppConnect a -> a
    void <init>(cn.waps.AppConnect) -> <init>
    void onClick(android.content.DialogInterface,int) -> onClick
cn.waps.l -> cn.waps.cm:
    android.app.Dialog a -> a
    cn.waps.AppConnect b -> b
    void <init>(cn.waps.AppConnect,android.app.Dialog) -> <init>
    void run() -> run
cn.waps.m -> cn.waps.cn:
    android.app.Dialog a -> a
    cn.waps.AppConnect b -> b
    void <init>(cn.waps.AppConnect,android.app.Dialog) -> <init>
    void run() -> run
cn.waps.n -> cn.waps.co:
    cn.waps.AppConnect a -> a
    void <init>(cn.waps.AppConnect) -> <init>
    void onShow(android.content.DialogInterface) -> onShow
cn.waps.o -> cn.waps.cp:
    android.content.Context a -> a
    cn.waps.bs b -> b
    cn.waps.AppConnect c -> c
    void <init>(cn.waps.AppConnect,android.content.Context,cn.waps.bs) -> <init>
    void run() -> run
cn.waps.p -> cn.waps.cq:
    cn.waps.AdInfo a -> a
    cn.waps.AppConnect b -> b
    void <init>(cn.waps.AppConnect,cn.waps.AdInfo) -> <init>
    void onClick(android.content.DialogInterface,int) -> onClick
cn.waps.q -> cn.waps.cr:
    cn.waps.AppConnect a -> a
    void <init>(cn.waps.AppConnect) -> <init>
    void onClick(android.content.DialogInterface,int) -> onClick
cn.waps.r -> cn.waps.cs:
    android.content.Context a -> a
    cn.waps.bs b -> b
    cn.waps.AppConnect c -> c
    void <init>(cn.waps.AppConnect,android.content.Context,cn.waps.bs) -> <init>
    void run() -> run
cn.waps.s -> cn.waps.ct:
    android.content.Context a -> a
    java.lang.String b -> b
    android.widget.LinearLayout c -> c
    cn.waps.AppListener d -> d
    java.lang.String e -> e
    cn.waps.AppConnect f -> f
    void <init>(cn.waps.AppConnect,android.content.Context,java.lang.String,android.widget.LinearLayout,cn.waps.AppListener) -> <init>
    java.lang.String a(java.lang.String[]) -> a
    void a(java.lang.String) -> a
    void onPostExecute(java.lang.Object) -> onPostExecute
    java.lang.Object doInBackground(java.lang.Object[]) -> doInBackground
cn.waps.t -> cn.waps.cu:
    java.lang.String a -> a
    cn.waps.s b -> b
    void <init>(cn.waps.s,java.lang.String) -> <init>
    void run() -> run
cn.waps.u -> cn.waps.cy:
    android.content.Context a -> a
    cn.waps.AppConnect b -> b
    void <init>(cn.waps.AppConnect,android.content.Context) -> <init>
    java.lang.Boolean a(java.lang.Void[]) -> a
    void a(java.lang.Boolean) -> a
    void onPostExecute(java.lang.Object) -> onPostExecute
    java.lang.Object doInBackground(java.lang.Object[]) -> doInBackground
cn.waps.v -> cn.waps.cz:
    cn.waps.u a -> a
    void <init>(cn.waps.u) -> <init>
    void onClick(android.content.DialogInterface,int) -> onClick
cn.waps.w -> cn.waps.da:
    cn.waps.u a -> a
    void <init>(cn.waps.u) -> <init>
    void onClick(android.content.DialogInterface,int) -> onClick
cn.waps.x -> cn.waps.db:
    java.lang.String a -> a
    java.util.List b -> b
    boolean c -> c
    cn.waps.AppConnect d -> d
    void <init>(cn.waps.AppConnect,boolean) -> <init>
    java.lang.Boolean a(java.lang.Void[]) -> a
    void a(java.lang.Boolean) -> a
    void onPostExecute(java.lang.Object) -> onPostExecute
    java.lang.Object doInBackground(java.lang.Object[]) -> doInBackground
cn.waps.y -> cn.waps.dc:
    cn.waps.AppConnect a -> a
    void <init>(cn.waps.AppConnect) -> <init>
    java.lang.Boolean a(java.lang.Void[]) -> a
    java.lang.Object doInBackground(java.lang.Object[]) -> doInBackground
    void <init>(cn.waps.AppConnect,cn.waps.i) -> <init>
cn.waps.z -> cn.waps.dd:
    cn.waps.AppConnect a -> a
    void <init>(cn.waps.AppConnect) -> <init>
    java.lang.Boolean a(java.lang.Void[]) -> a
    java.lang.Object doInBackground(java.lang.Object[]) -> doInBackground
    void <init>(cn.waps.AppConnect,cn.waps.i) -> <init>