build/outputs/mapping/debug/usage.txt
com.wei.grabmoney.BuildConfig
com.wei.grabmoney.R
com.wei.grabmoney.R$anim
com.wei.grabmoney.R$color
com.wei.grabmoney.R$dimen
com.wei.grabmoney.R$drawable
com.wei.grabmoney.R$id
com.wei.grabmoney.R$layout
com.wei.grabmoney.R$menu
com.wei.grabmoney.R$raw
com.wei.grabmoney.R$string
com.wei.grabmoney.R$style
com.wei.grabmoney.R$xml
com.wei.grabmoney.constant.GlobalVariable
com.wei.grabmoney.service.GrabMoneyService:
    private static final java.lang.String TAG
    private static final java.lang.String WX_PKG
    private static final java.lang.String WX_ID_PREFIX
    private static final java.lang.String OPENBTN_ID
    private static final java.lang.String RECEIVEUI_CLOSEBTN_ID
    private static final java.lang.String DETAILUI_CLOSEBTN_ID
    private static final int PERIOD_TIME
    private static final java.lang.String WEIXIN_CLASSNAME
    private static final java.lang.String WEIXIN_LUCKYMONEYRECEIVEUI
    private static final java.lang.String WEIXIN_MONEY_TEXT
    private static final java.lang.String WEIXIN_LUCKYMONEYDETAILUI
    private static final java.lang.String GETMONEY_TEXT
    private static final java.lang.String CHECKMONEY_TEXT
    private static final java.lang.String FAILT_TEXT
    private static final java.lang.String TIMEOUT_TEXT
    private static final java.lang.String QQ_WALLET
    private static final java.lang.String QQ_CHAT
    private static final java.lang.String QQ_TIPS
    private static final java.lang.String QQ_COMMAND
    private static final java.lang.String QQ_CLICK_COMMAND
    private static final java.lang.String QQ_MONEY_TEXT
    private android.view.accessibility.AccessibilityNodeInfo rootNodeInfo
    protected long lastClickTime
    protected long lastClickTime2
    protected long lastClickTime3
    188:220:private void openOrClose()
com.wei.grabmoney.service.LuckyMoneyService
com.wei.grabmoney.ui.BaseActivity:
    90:92:public void hideTitle()
    95:97:public void setCustomTitle(int)
    124:136:private void showWpasBanner()
    140:149:protected void showSpotAds(int)
    154:160:protected void showWpasSpot()
    169:189:protected void showAlertDialog(java.lang.String,java.lang.String,java.lang.String,android.view.View$OnClickListener)
com.wei.grabmoney.ui.BaseActivity$2
com.wei.grabmoney.ui.BaseActivity$3
com.wei.grabmoney.ui.BaseActivity$4
com.wei.grabmoney.ui.MainActivity:
    public static final java.lang.String MARK_WORK
    public static final java.lang.String DELAY_TIME
    public static final java.lang.String FASTEST_CHECKED
    public static final java.lang.String HAS_PAYED
    public static final java.lang.String VOICE_VIBRATE
    public static final java.lang.String VOICE
    public static final java.lang.String VIBRATE
    public static final java.lang.String NOTHING
    152:155:private void initAdvs()
    158:175:private void initYoumi()
com.wei.grabmoney.utils.Log:
    private static final boolean IS_DEBUG
    6:6:public Log()
    31:33:public static void i(java.lang.String,java.lang.String)
    38:40:public static void e(java.lang.String,java.lang.String,java.lang.Throwable)
com.wei.grabmoney.utils.SharedPreUtils:
    public static com.wei.grabmoney.utils.SharedPreUtils sSharedPreUtils
    private static android.content.Context mContext
    19:24:public static com.wei.grabmoney.utils.SharedPreUtils getInstance(android.content.Context)
    47:49:public void putInt(java.lang.String,int)
    53:53:public int getInt(java.lang.String,int)
com.wei.grabmoney.utils.TextOptUtils:
    10:10:public TextOptUtils()
...
android.support.annotation.PluralsRes
android.support.annotation.Px
android.support.annotation.RawRes
android.support.annotation.RequiresApi
android.support.annotation.RequiresPermission
android.support.annotation.RequiresPermission$Read
android.support.annotation.RequiresPermission$Write
android.support.annotation.RestrictTo
android.support.annotation.RestrictTo$Scope
android.support.annotation.Size
android.support.annotation.StringDef
android.support.annotation.StringRes
android.support.annotation.StyleRes
android.support.annotation.StyleableRes
android.support.annotation.TransitionRes
android.support.annotation.UiThread
android.support.annotation.VisibleForTesting
android.support.annotation.WorkerThread
android.support.annotation.XmlRes
android.support.compat.BuildConfig
android.support.compat.R
android.support.coreui.BuildConfig
android.support.coreui.R
android.support.coreutils.BuildConfig
android.support.coreutils.R
android.support.fragment.BuildConfig
android.support.fragment.R
android.support.mediacompat.BuildConfig
android.support.mediacompat.R
android.support.v4.BuildConfig
android.support.v4.R
android.support.v4.accessibilityservice.AccessibilityServiceInfoCompat
android.support.v4.accessibilityservice.AccessibilityServiceInfoCompat$AccessibilityServiceInfoIcsImpl
android.support.v4.accessibilityservice.AccessibilityServiceInfoCompat$AccessibilityServiceInfoJellyBeanImpl
android.support.v4.accessibilityservice.AccessibilityServiceInfoCompat$AccessibilityServiceInfoJellyBeanMr2Impl
android.support.v4.accessibilityservice.AccessibilityServiceInfoCompat$AccessibilityServiceInfoStubImpl
android.support.v4.accessibilityservice.AccessibilityServiceInfoCompat$AccessibilityServiceInfoVersionImpl
android.support.v4.accessibilityservice.AccessibilityServiceInfoCompatIcs
android.support.v4.accessibilityservice.AccessibilityServiceInfoCompatJellyBean
android.support.v4.accessibilityservice.AccessibilityServiceInfoCompatJellyBeanMr2
android.support.v4.animation.AnimatorCompatHelper
android.support.v4.animation.AnimatorListenerCompat
android.support.v4.animation.AnimatorProvider
android.support.v4.animation.AnimatorUpdateListenerCompat
android.support.v4.animation.GingerbreadAnimatorCompatProvider
android.support.v4.animation.GingerbreadAnimatorCompatProvider$GingerbreadFloatValueAnimator
android.support.v4.animation.GingerbreadAnimatorCompatProvider$GingerbreadFloatValueAnimator$1
android.support.v4.animation.HoneycombMr1AnimatorCompatProvider
android.support.v4.animation.HoneycombMr1AnimatorCompatProvider$AnimatorListenerCompatWrapper
android.support.v4.animation.HoneycombMr1AnimatorCompatProvider$HoneycombValueAnimatorCompat
android.support.v4.animation.HoneycombMr1AnimatorCompatProvider$HoneycombValueAnimatorCompat$1
android.support.v4.animation.ValueAnimatorCompat
android.support.v4.app.ActionBarDrawerToggle
android.support.v4.app.ActionBarDrawerToggle$ActionBarDrawerToggleImpl
android.support.v4.app.ActionBarDrawerToggle$ActionBarDrawerToggleImplBase
android.support.v4.app.ActionBarDrawerToggle$ActionBarDrawerToggleImplHC
android.support.v4.app.ActionBarDrawerToggle$ActionBarDrawerToggleImplJellybeanMR2
android.support.v4.app.ActionBarDrawerToggle$Delegate
android.support.v4.app.ActionBarDrawerToggle$DelegateProvider
android.support.v4.app.ActionBarDrawerToggle$SlideDrawable
android.support.v4.app.ActionBarDrawerToggleHoneycomb
android.support.v4.app.ActionBarDrawerToggleHoneycomb$SetIndicatorInfo
android.support.v4.app.ActionBarDrawerToggleJellybeanMR2
android.support.v4.app.ActivityCompat
android.support.v4.app.ActivityCompat$1
android.support.v4.app.ActivityCompat$OnRequestPermissionsResultCallback
android.support.v4.app.ActivityCompat$SharedElementCallback21Impl
android.support.v4.app.ActivityCompat$SharedElementCallback23Impl
android.support.v4.app.ActivityCompat$SharedElementCallback23Impl$1
android.support.v4.app.ActivityCompatApi21
android.support.v4.app.ActivityCompatApi21$SharedElementCallback21